2019-06-19 10:49:43.704 [main]DEBUGcom.imooc.o2o.dao.ShopDao.queryShopList-==>  Preparing: SELECT s.shop_id,s.shop_name,s.shop_desc,s.shop_addr, s.phone,s.shop_img,s.priority,s.create_time, s.last_edit_time,s.enable_status,s.advice, a.area_id,a.area_name, sc.shop_category_id,sc.shop_category_name FROM tb_shop s, tb_area a, tb_shop_category sc WHERE s.shop_category_id=? AND s.area_id=a.area_id AND s.shop_category_id=sc.shop_category_id ORDER BY s.priority DESC LIMIT ?,?; 
2019-06-19 10:49:43.759 [main]DEBUGcom.imooc.o2o.dao.ShopDao.queryShopList-==> Parameters: 1(Long), 0(Integer), 2(Integer)
2019-06-19 10:49:43.796 [main]DEBUGcom.imooc.o2o.dao.ShopDao.queryShopList-<==      Total: 2
2019-06-19 10:49:43.837 [main]DEBUGcom.imooc.o2o.dao.ShopDao.queryShopCount-==>  Preparing: SELECT count(1) FROM tb_shop s, tb_area a, tb_shop_category sc WHERE s.shop_category_id=? AND s.area_id=a.area_id AND s.shop_category_id=sc.shop_category_id 
2019-06-19 10:49:43.839 [main]DEBUGcom.imooc.o2o.dao.ShopDao.queryShopCount-==> Parameters: 1(Long)
2019-06-19 10:49:43.842 [main]DEBUGcom.imooc.o2o.dao.ShopDao.queryShopCount-<==      Total: 1
2019-06-19 10:51:11.509 [main]DEBUGcom.imooc.o2o.dao.ShopDao.queryShopList-==>  Preparing: SELECT s.shop_id,s.shop_name,s.shop_desc,s.shop_addr, s.phone,s.shop_img,s.priority,s.create_time, s.last_edit_time,s.enable_status,s.advice, a.area_id,a.area_name, sc.shop_category_id,sc.shop_category_name FROM tb_shop s, tb_area a, tb_shop_category sc WHERE s.shop_category_id=? AND s.area_id=a.area_id AND s.shop_category_id=sc.shop_category_id ORDER BY s.priority DESC LIMIT ?,?; 
2019-06-19 10:51:11.554 [main]DEBUGcom.imooc.o2o.dao.ShopDao.queryShopList-==> Parameters: 1(Long), 0(Integer), 2(Integer)
2019-06-19 10:51:11.580 [main]DEBUGcom.imooc.o2o.dao.ShopDao.queryShopList-<==      Total: 2
2019-06-19 10:51:11.589 [main]DEBUGcom.imooc.o2o.dao.ShopDao.queryShopCount-==>  Preparing: SELECT count(1) FROM tb_shop s, tb_area a, tb_shop_category sc WHERE s.shop_category_id=? AND s.area_id=a.area_id AND s.shop_category_id=sc.shop_category_id 
2019-06-19 10:51:11.589 [main]DEBUGcom.imooc.o2o.dao.ShopDao.queryShopCount-==> Parameters: 1(Long)
2019-06-19 10:51:11.590 [main]DEBUGcom.imooc.o2o.dao.ShopDao.queryShopCount-<==      Total: 1
2019-06-19 10:51:28.394 [main]DEBUGcom.imooc.o2o.dao.ShopDao.queryShopList-==>  Preparing: SELECT s.shop_id,s.shop_name,s.shop_desc,s.shop_addr, s.phone,s.shop_img,s.priority,s.create_time, s.last_edit_time,s.enable_status,s.advice, a.area_id,a.area_name, sc.shop_category_id,sc.shop_category_name FROM tb_shop s, tb_area a, tb_shop_category sc WHERE s.shop_category_id=? AND s.area_id=a.area_id AND s.shop_category_id=sc.shop_category_id ORDER BY s.priority DESC LIMIT ?,?; 
2019-06-19 10:51:28.444 [main]DEBUGcom.imooc.o2o.dao.ShopDao.queryShopList-==> Parameters: 1(Long), 0(Integer), 2(Integer)
2019-06-19 10:51:28.464 [main]DEBUGcom.imooc.o2o.dao.ShopDao.queryShopList-<==      Total: 2
2019-06-19 10:51:28.471 [main]DEBUGcom.imooc.o2o.dao.ShopDao.queryShopCount-==>  Preparing: SELECT count(1) FROM tb_shop s, tb_area a, tb_shop_category sc WHERE s.shop_category_id=? AND s.area_id=a.area_id AND s.shop_category_id=sc.shop_category_id 
2019-06-19 10:51:28.471 [main]DEBUGcom.imooc.o2o.dao.ShopDao.queryShopCount-==> Parameters: 1(Long)
2019-06-19 10:51:28.472 [main]DEBUGcom.imooc.o2o.dao.ShopDao.queryShopCount-<==      Total: 1
2019-06-19 10:55:50.823 [main]DEBUGcom.imooc.o2o.dao.ShopDao.queryShopList-==>  Preparing: SELECT s.shop_id,s.shop_name,s.shop_desc,s.shop_addr, s.phone,s.shop_img,s.priority,s.create_time, s.last_edit_time,s.enable_status,s.advice, a.area_id,a.area_name, sc.shop_category_id,sc.shop_category_name FROM tb_shop s, tb_area a, tb_shop_category sc WHERE s.shop_category_id=? AND s.area_id=a.area_id AND s.shop_category_id=sc.shop_category_id ORDER BY s.priority DESC LIMIT ?,?; 
2019-06-19 10:55:50.861 [main]DEBUGcom.imooc.o2o.dao.ShopDao.queryShopList-==> Parameters: 1(Long), 10(Integer), 5(Integer)
2019-06-19 10:55:50.881 [main]DEBUGcom.imooc.o2o.dao.ShopDao.queryShopList-<==      Total: 1
2019-06-19 10:55:50.889 [main]DEBUGcom.imooc.o2o.dao.ShopDao.queryShopCount-==>  Preparing: SELECT count(1) FROM tb_shop s, tb_area a, tb_shop_category sc WHERE s.shop_category_id=? AND s.area_id=a.area_id AND s.shop_category_id=sc.shop_category_id 
2019-06-19 10:55:50.889 [main]DEBUGcom.imooc.o2o.dao.ShopDao.queryShopCount-==> Parameters: 1(Long)
2019-06-19 10:55:50.890 [main]DEBUGcom.imooc.o2o.dao.ShopDao.queryShopCount-<==      Total: 1
2019-06-19 10:57:52.658 [main]DEBUGcom.imooc.o2o.dao.ShopDao.queryShopList-==>  Preparing: SELECT s.shop_id,s.shop_name,s.shop_desc,s.shop_addr, s.phone,s.shop_img,s.priority,s.create_time, s.last_edit_time,s.enable_status,s.advice, a.area_id,a.area_name, sc.shop_category_id,sc.shop_category_name FROM tb_shop s, tb_area a, tb_shop_category sc WHERE s.shop_category_id=? AND s.area_id=a.area_id AND s.shop_category_id=sc.shop_category_id ORDER BY s.priority DESC LIMIT ?,?; 
2019-06-19 10:57:52.700 [main]DEBUGcom.imooc.o2o.dao.ShopDao.queryShopList-==> Parameters: 1(Long), 10(Integer), 5(Integer)
2019-06-19 10:57:52.735 [main]DEBUGcom.imooc.o2o.dao.ShopDao.queryShopList-<==      Total: 1
2019-06-19 10:57:52.744 [main]DEBUGcom.imooc.o2o.dao.ShopDao.queryShopCount-==>  Preparing: SELECT count(1) FROM tb_shop s, tb_area a, tb_shop_category sc WHERE s.shop_category_id=? AND s.area_id=a.area_id AND s.shop_category_id=sc.shop_category_id 
2019-06-19 10:57:52.745 [main]DEBUGcom.imooc.o2o.dao.ShopDao.queryShopCount-==> Parameters: 1(Long)
2019-06-19 10:57:52.746 [main]DEBUGcom.imooc.o2o.dao.ShopDao.queryShopCount-<==      Total: 1
2019-06-19 10:58:15.885 [main]DEBUGcom.imooc.o2o.dao.ShopDao.queryShopList-==>  Preparing: SELECT s.shop_id,s.shop_name,s.shop_desc,s.shop_addr, s.phone,s.shop_img,s.priority,s.create_time, s.last_edit_time,s.enable_status,s.advice, a.area_id,a.area_name, sc.shop_category_id,sc.shop_category_name FROM tb_shop s, tb_area a, tb_shop_category sc WHERE s.shop_category_id=? AND s.area_id=a.area_id AND s.shop_category_id=sc.shop_category_id ORDER BY s.priority DESC LIMIT ?,?; 
2019-06-19 10:58:15.928 [main]DEBUGcom.imooc.o2o.dao.ShopDao.queryShopList-==> Parameters: 1(Long), 10(Integer), 5(Integer)
2019-06-19 10:58:15.949 [main]DEBUGcom.imooc.o2o.dao.ShopDao.queryShopList-<==      Total: 1
2019-06-19 10:58:15.956 [main]DEBUGcom.imooc.o2o.dao.ShopDao.queryShopCount-==>  Preparing: SELECT count(1) FROM tb_shop s, tb_area a, tb_shop_category sc WHERE s.shop_category_id=? AND s.area_id=a.area_id AND s.shop_category_id=sc.shop_category_id 
2019-06-19 10:58:15.957 [main]DEBUGcom.imooc.o2o.dao.ShopDao.queryShopCount-==> Parameters: 1(Long)
2019-06-19 10:58:15.958 [main]DEBUGcom.imooc.o2o.dao.ShopDao.queryShopCount-<==      Total: 1
2019-06-19 10:58:29.504 [main]DEBUGcom.imooc.o2o.dao.ShopDao.queryShopList-==>  Preparing: SELECT s.shop_id,s.shop_name,s.shop_desc,s.shop_addr, s.phone,s.shop_img,s.priority,s.create_time, s.last_edit_time,s.enable_status,s.advice, a.area_id,a.area_name, sc.shop_category_id,sc.shop_category_name FROM tb_shop s, tb_area a, tb_shop_category sc WHERE s.shop_category_id=? AND s.area_id=a.area_id AND s.shop_category_id=sc.shop_category_id ORDER BY s.priority DESC LIMIT ?,?; 
2019-06-19 10:58:29.540 [main]DEBUGcom.imooc.o2o.dao.ShopDao.queryShopList-==> Parameters: 1(Long), 5(Integer), 5(Integer)
2019-06-19 10:58:29.612 [main]DEBUGcom.imooc.o2o.dao.ShopDao.queryShopList-<==      Total: 5
2019-06-19 10:58:29.620 [main]DEBUGcom.imooc.o2o.dao.ShopDao.queryShopCount-==>  Preparing: SELECT count(1) FROM tb_shop s, tb_area a, tb_shop_category sc WHERE s.shop_category_id=? AND s.area_id=a.area_id AND s.shop_category_id=sc.shop_category_id 
2019-06-19 10:58:29.620 [main]DEBUGcom.imooc.o2o.dao.ShopDao.queryShopCount-==> Parameters: 1(Long)
2019-06-19 10:58:29.622 [main]DEBUGcom.imooc.o2o.dao.ShopDao.queryShopCount-<==      Total: 1
